2025-08-25 21:13:22 - === Script Started ===
2025-08-25 21:13:22 - Script Directory: /home/johannal96/Publications.nobackup/2025/electrofit-ip6-paper-2025/electrofit-workspace/scripts/remote
2025-08-25 21:13:22 - Bash Script Path: /home/johannal96/Publications.nobackup/2025/electrofit-ip6-paper-2025/electrofit-workspace/scripts/run/run_all_1.sh
2025-08-25 21:13:22 - Remote Host: qcm06
2025-08-25 21:13:22 - Screen Session Name: scripts_20250825211322
2025-08-25 21:13:22 - Built SSH Command: cd "/home/johannal96/Publications.nobackup/2025/electrofit-ip6-paper-2025/electrofit-workspace/scripts/remote" && screen -dmS "scripts_20250825211322" bash -lc '
  source "/home/johannal96/miniconda3/etc/profile.d/conda.sh";
  conda activate electrofit;
  echo "[INFO] Using python: $(which python)";
  echo "[INFO] electrofit path test:";
  python -c "import electrofit, sys; print(\"electrofit from:\", electrofit.__file__, \"python:\", sys.executable)";
  bash "/home/johannal96/Publications.nobackup/2025/electrofit-ip6-paper-2025/electrofit-workspace/scripts/run/run_all_1.sh";
  exec bash
'
2025-08-25 21:13:22 - Connecting to qcm06 to execute the command.
2025-08-25 21:13:24 - SSH command executed successfully on qcm06.
2025-08-25 21:13:24 - Successfully started '/home/johannal96/Publications.nobackup/2025/electrofit-ip6-paper-2025/electrofit-workspace/scripts/run/run_all_1.sh' in Screen session 'scripts_20250825211322' on qcm06 in conda environment electrofit.
2025-08-25 21:13:24 - === Script Completed Successfully ===
2025-08-25 21:25:24 - === Script Started ===
2025-08-25 21:25:24 - Script Directory: /home/johannal96/Publications.nobackup/2025/electrofit-ip6-paper-2025/electrofit-workspace/scripts/remote
2025-08-25 21:25:24 - Bash Script Path: /home/johannal96/Publications.nobackup/2025/electrofit-ip6-paper-2025/electrofit-workspace/scripts/run/run_all_2.sh
2025-08-25 21:25:24 - Remote Host: qcm05
2025-08-25 21:25:24 - Screen Session Name: scripts_20250825212524
2025-08-25 21:25:24 - Built SSH Command: cd "/home/johannal96/Publications.nobackup/2025/electrofit-ip6-paper-2025/electrofit-workspace/scripts/remote" && screen -dmS "scripts_20250825212524" bash -lc '
  source "/home/johannal96/miniconda3/etc/profile.d/conda.sh";
  conda activate electrofit;
  echo "[INFO] Using python: $(which python)";
  echo "[INFO] electrofit path test:";
  python -c "import electrofit, sys; print(\"electrofit from:\", electrofit.__file__, \"python:\", sys.executable)";
  bash "/home/johannal96/Publications.nobackup/2025/electrofit-ip6-paper-2025/electrofit-workspace/scripts/run/run_all_2.sh";
  # after the script finishes, just exit
  exit
'
2025-08-25 21:25:24 - Connecting to qcm05 to execute the command.
2025-08-25 21:25:27 - SSH command executed successfully on qcm05.
2025-08-25 21:25:27 - Successfully started '/home/johannal96/Publications.nobackup/2025/electrofit-ip6-paper-2025/electrofit-workspace/scripts/run/run_all_2.sh' in Screen session 'scripts_20250825212524' on qcm05 in conda environment electrofit.
2025-08-25 21:25:27 - === Script Completed Successfully ===
2025-08-25 21:36:08 - === Script Started ===
2025-08-25 21:36:08 - Script Directory: /home/johannal96/Publications.nobackup/2025/electrofit-ip6-paper-2025/electrofit-workspace/scripts/remote
2025-08-25 21:36:08 - Bash Script Path: /home/johannal96/Publications.nobackup/2025/electrofit-ip6-paper-2025/electrofit-workspace/scripts/run/run_all_2.sh
2025-08-25 21:36:08 - Remote Host: qcm05
2025-08-25 21:36:08 - Screen Session Name: scripts_20250825213608
2025-08-25 21:36:08 - Built SSH Command: cd "/home/johannal96/Publications.nobackup/2025/electrofit-ip6-paper-2025/electrofit-workspace/scripts/remote" && screen -dmS "scripts_20250825213608" bash -lc '
  source "/home/johannal96/miniconda3/etc/profile.d/conda.sh";
  conda activate electrofit;
  echo "[INFO] Using python: $(which python)";
  echo "[INFO] electrofit path test:";
  python -c "import electrofit, sys; print(\"electrofit from:\", electrofit.__file__, \"python:\", sys.executable)";
  bash "/home/johannal96/Publications.nobackup/2025/electrofit-ip6-paper-2025/electrofit-workspace/scripts/run/run_all_2.sh";
  # after the script finishes, just exit
  exit
'
2025-08-25 21:36:08 - Connecting to qcm05 to execute the command.
2025-08-25 21:36:11 - SSH command executed successfully on qcm05.
2025-08-25 21:36:11 - Successfully started '/home/johannal96/Publications.nobackup/2025/electrofit-ip6-paper-2025/electrofit-workspace/scripts/run/run_all_2.sh' in Screen session 'scripts_20250825213608' on qcm05 in conda environment electrofit.
2025-08-25 21:36:11 - === Script Completed Successfully ===
2025-08-25 22:16:52 - === Script Started ===
2025-08-25 22:16:52 - Script Directory: /home/johannal96/Publications.nobackup/2025/electrofit-ip6-paper-2025/electrofit-workspace/scripts/remote
2025-08-25 22:16:52 - Bash Script Path: /home/johannal96/Publications.nobackup/2025/electrofit-ip6-paper-2025/electrofit-workspace/scripts/run/run_all_1.sh
2025-08-25 22:16:52 - Remote Host: qcm06
2025-08-25 22:16:52 - Screen Session Name: scripts_20250825221652
2025-08-25 22:16:52 - Built SSH Command: cd "/home/johannal96/Publications.nobackup/2025/electrofit-ip6-paper-2025/electrofit-workspace/scripts/remote" && screen -dmS "scripts_20250825221652" bash -lc '
  source "/home/johannal96/miniconda3/etc/profile.d/conda.sh";
  conda activate electrofit;
  echo "[INFO] Using python: $(which python)";
  echo "[INFO] electrofit path test:";
  python -c "import electrofit, sys; print(\"electrofit from:\", electrofit.__file__, \"python:\", sys.executable)";
  bash "/home/johannal96/Publications.nobackup/2025/electrofit-ip6-paper-2025/electrofit-workspace/scripts/run/run_all_1.sh";
  exec bash
'
2025-08-25 22:16:52 - Connecting to qcm06 to execute the command.
2025-08-25 22:16:54 - SSH command executed successfully on qcm06.
2025-08-25 22:16:54 - Successfully started '/home/johannal96/Publications.nobackup/2025/electrofit-ip6-paper-2025/electrofit-workspace/scripts/run/run_all_1.sh' in Screen session 'scripts_20250825221652' on qcm06 in conda environment electrofit.
2025-08-25 22:16:54 - === Script Completed Successfully ===
